Arguments: 
  D:\Downloads\nodejs\node.exe D:\Downloads\Yarn\bin\yarn.js add 。

PATH: 
  D:\Downloads\cmder\vendor\git-for-windows\mingw64\bin;D:\Downloads\cmder\vendor\git-for-windows\usr\bin;C:\Users\Administrator\bin;D:\Java\jdk-9.0.4\bin;C:\ProgramData\Oracle\Java\javapath;C:\Windows\SYSTEM32;C:\Windows;C:\Windows\SYSTEM32\WBEM;C:\Windows\SYSTEM32\WINDOWSPOWERSHELL\V1.0;D:\ANACONDA2016;D:\ANACONDA2016\SCRIPTS;D:\PROGRAM FILES\MYSQL-5.7.13-WINX64\BIN;C:\Program Files (x86)\Intel\OpenCL SDK\2.0\bin\x86;C:\Program Files (x86)\Intel\OpenCL SDK\2.0\bin\x64;C:\Program Files (x86)\NVIDIA Corporation\PhysX\Common;C:\Program Files\Microsoft SQL Server\110\Tools\Binn;D:\develop\mysql\bin;C:\Program Files\MySQL\MySQL Server 5.5\bin;D:\develop\apache-maven-3.5.2\bin;D:\develop\reids-3.2.1;D:\develop\PuTTY;D:\Downloads\Yarn\bin;D:\Downloads\nodejs;D:\develop\Nodejs\node_global;C:\Users\Administrator\AppData\Local\Yarn\Data\global\node_modules\.bin;C:\Users\Administrator\AppData\Roaming\npm;D:\Downloads\Microsoft VS Code\bin

Yarn version: 
  1.22.5

Node version: 
  8.17.0

Platform: 
  win32 x64

Trace: 
  TypeError: https://registry.npm.taobao.org/。: Request path contains unescaped characters
      at new ClientRequest (_http_client.js:137:13)
      at Object.request (http.js:39:10)
      at Object.request (https.js:245:15)
      at Request.module.exports.Request.start (D:\Downloads\Yarn\lib\cli.js:141311:32)
      at Request.module.exports.Request.end (D:\Downloads\Yarn\lib\cli.js:142070:10)
      at end (D:\Downloads\Yarn\lib\cli.js:141124:14)
      at Immediate._onImmediate (D:\Downloads\Yarn\lib\cli.js:141138:7)
      at runCallback (timers.js:810:20)
      at tryOnImmediate (timers.js:768:5)
      at processImmediate [as _immediateCallback] (timers.js:745:5)

npm manifest: 
  {
    "name": "mvc-demo-1",
    "version": "1.0.0",
    "main": "index.js",
    "license": "MIT",
    "dependencies": {
      "jquery": "^3.5.1"
    }
  }

yarn manifest: 
  No manifest

Lockfile: 
  # THIS IS AN AUTOGENERATED FILE. DO NOT EDIT THIS FILE DIRECTLY.
  # yarn lockfile v1
  
  
  jquery@^3.5.1:
    version "3.5.1"
    resolved "https://registry.npm.taobao.org/jquery/download/jquery-3.5.1.tgz#d7b4d08e1bfdb86ad2f1a3d039ea17304717abb5"
    integrity sha1-17TQjhv9uGrS8aPQOeoXMEcXq7U=
